TN:
SF:src\presentation\controllers\signup.ts
FN:7,SignUpController
FN:11,handle
FNF:2
FNH:2
FNDA:7,SignUpController
FNDA:7,handle
DA:1,1
DA:2,1
DA:3,1
DA:4,1
DA:5,1
DA:6,1
DA:7,1
DA:8,7
DA:9,7
DA:10,1
DA:11,1
DA:12,7
DA:13,7
DA:14,7
DA:15,22
DA:16,4
DA:17,4
DA:18,22
DA:19,3
DA:20,3
DA:21,7
DA:22,1
DA:23,1
DA:24,1
DA:25,1
DA:26,1
DA:27,1
DA:28,1
DA:29,1
DA:30,1
DA:31,1
DA:32,7
DA:33,1
LF:33
LH:33
BRDA:7,0,0,7
BRDA:11,1,0,7
BRDA:14,2,0,22
BRDA:15,3,0,4
BRDA:19,4,0,3
BRDA:21,5,0,1
BRF:6
BRH:6
end_of_record
TN:
SF:src\presentation\helpers\http-helper.ts
FN:4,badRequest
FN:9,serverError
FNF:2
FNH:2
FNDA:5,badRequest
FNDA:1,serverError
DA:1,1
DA:2,1
DA:3,1
DA:4,1
DA:5,5
DA:6,5
DA:7,5
DA:8,1
DA:9,1
DA:10,1
DA:11,1
DA:12,1
LF:12
LH:12
BRDA:4,0,0,5
BRDA:9,1,0,1
BRF:2
BRH:2
end_of_record
